Building DAG of jobs...
Using shell: /usr/bin/bash
Provided cores: 1 (use --cores to define parallelism)
Rules claiming more threads will be scaled down.
Job stats:
job                       count    min threads    max threads
----------------------  -------  -------------  -------------
add_flanking                  1              1              1
add_sample_name               1              1              1
align_genomes                 1              1              1
all                           1              1              1
convert_for_saffire           1              1              1
prepare_coords                1              1              1
update_github_metadata        1              1              1
total                         7              1              1

Select jobs to execute...

[Tue May 13 17:46:24 2025]
rule add_sample_name:
    input: sample_coords_file.txt
    output: results/PNG15_h1_1/coords_with_name.bed
    jobid: 3
    reason: Missing output files: results/PNG15_h1_1/coords_with_name.bed
    wildcards: sample=PNG15_h1_1
    resources: tmpdir=/tmp


            awk -v val=PNG15_h1_1 'BEGIN {OFS="\t"} {print $1, $2, $3, val}' sample_coords_file.txt > results/PNG15_h1_1/coords_with_name.bed

[Tue May 13 17:46:24 2025]
Finished job 3.
1 of 7 steps (14%) done
Select jobs to execute...

[Tue May 13 17:46:24 2025]
rule prepare_coords:
    input: results/PNG15_h1_1/coords_with_name.bed
    output: results/PNG15_h1_1/coords_with_genes.bed
    jobid: 2
    reason: Missing output files: results/PNG15_h1_1/coords_with_genes.bed; Input files updated by another job: results/PNG15_h1_1/coords_with_name.bed
    wildcards: sample=PNG15_h1_1
    resources: tmpdir=/tmp

[Tue May 13 17:46:27 2025]
Finished job 2.
2 of 7 steps (29%) done
Removing temporary output results/PNG15_h1_1/coords_with_name.bed.
Select jobs to execute...

[Tue May 13 17:46:27 2025]
rule add_flanking:
    input: results/PNG15_h1_1/coords_with_genes.bed
    output: results/PNG15_h1_1/final_plotting.txt
    jobid: 1
    reason: Missing output files: results/PNG15_h1_1/final_plotting.txt; Input files updated by another job: results/PNG15_h1_1/coords_with_genes.bed
    wildcards: sample=PNG15_h1_1
    resources: tmpdir=/tmp

bash scripts/flank_coords.sh results/PNG15_h1_1/coords_with_genes.bed results/PNG15_h1_1/final_plotting.txt
[Tue May 13 17:46:27 2025]
Finished job 1.
3 of 7 steps (43%) done
Select jobs to execute...

[Tue May 13 17:46:27 2025]
rule align_genomes:
    input: /projects/standard/hsiehph/shared/hsiehph_shared/assemblies/CHM13/T2T/v1.1/chm13.v1.1.fasta, /projects/standard/hsiehph/gordo893/samples/PNG15b/verkko1.4.1/PNG15_ONT_HIC/assembly.haplotype1.fasta
    output: results/PNG15_h1_1/alignment.paf
    jobid: 6
    reason: Missing output files: results/PNG15_h1_1/alignment.paf
    wildcards: sample=PNG15_h1_1
    resources: tmpdir=/tmp, mem_mb=100000, mem_mib=95368, cpus=10


            JOBID=$(sbatch --parsable scripts/align.sh /projects/standard/hsiehph/shared/hsiehph_shared/assemblies/CHM13/T2T/v1.1/chm13.v1.1.fasta /projects/standard/hsiehph/gordo893/samples/PNG15b/verkko1.4.1/PNG15_ONT_HIC/assembly.haplotype1.fasta results/PNG15_h1_1/alignment.paf)
            echo "Submitted job $JOBID, waiting for it to finish..."
            while squeue -j $JOBID 2>/dev/null | grep -q $JOBID; do
            sleep 20
            done
            echo "SLURM job $JOBID completed."

[Tue May 13 17:57:32 2025]
Finished job 6.
4 of 7 steps (57%) done
Select jobs to execute...

[Tue May 13 17:57:32 2025]
rule convert_for_saffire:
    input: results/PNG15_h1_1/alignment.paf
    output: results/PNG15_h1_1/saffire_fmt
    jobid: 5
    reason: Missing output files: results/PNG15_h1_1/saffire_fmt; Input files updated by another job: results/PNG15_h1_1/alignment.paf
    wildcards: sample=PNG15_h1_1
    resources: tmpdir=/tmp


            JOBID=$(sbatch --parsable scripts/convert_for_saffire.sh results/PNG15_h1_1/alignment.paf results/PNG15_h1_1/saffire_fmt)
            echo "Submitted job $JOBID, waiting for it to finish..."
            while squeue -j $JOBID 2>/dev/null | grep -q $JOBID; do
            sleep 20
            done
            echo "SLURM job $JOBID completed."
            cp results/PNG15_h1_1/saffire_fmt /users/7/javid017/AutoSafFire//datasets/custom/PNG15_h1_1_saffireFMT

[Tue May 13 17:59:54 2025]
Finished job 5.
5 of 7 steps (71%) done
Select jobs to execute...

[Tue May 13 17:59:54 2025]
rule update_github_metadata:
    input: results/PNG15_h1_1/saffire_fmt
    output: results/PNG15_h1_1/pushed_metadata.done
    jobid: 4
    reason: Missing output files: results/PNG15_h1_1/pushed_metadata.done; Input files updated by another job: results/PNG15_h1_1/saffire_fmt
    wildcards: sample=PNG15_h1_1
    resources: tmpdir=/tmp

