Building DAG of jobs...
Using shell: /usr/bin/bash
Provided cores: 1 (use --cores to define parallelism)
Rules claiming more threads will be scaled down.
Job stats:
job                       count    min threads    max threads
----------------------  -------  -------------  -------------
add_flanking                  1              1              1
add_sample_name               1              1              1
align_genomes                 1              1              1
all                           1              1              1
convert_for_saffire           1              1              1
prepare_coords                1              1              1
update_github_metadata        1              1              1
total                         7              1              1

Select jobs to execute...

[Wed May  7 16:01:06 2025]
rule align_genomes:
    input: /projects/standard/hsiehph/shared/hsiehph_shared/assemblies/CHM13/T2T/v1.1/chm13.v1.1.fasta, /projects/standard/hsiehph/gordo893/samples/PNG15b/verkko1.4.1/PNG15_ONT_HIC/assembly.haplotype1.fasta
    output: results/PNG15_h1_test/alignment.paf
    jobid: 6
    reason: Missing output files: results/PNG15_h1_test/alignment.paf
    wildcards: sample=PNG15_h1_test
    resources: tmpdir=/tmp, mem_mb=100000, mem_mib=95368, cpus=10

Terminating processes on user request, this might take some time.
[Wed May  7 16:01:07 2025]
Error in rule align_genomes:
    jobid: 6
    input: /projects/standard/hsiehph/shared/hsiehph_shared/assemblies/CHM13/T2T/v1.1/chm13.v1.1.fasta, /projects/standard/hsiehph/gordo893/samples/PNG15b/verkko1.4.1/PNG15_ONT_HIC/assembly.haplotype1.fasta
    output: results/PNG15_h1_test/alignment.paf
    shell:
        
            JOBID=$(sbatch --parsable scripts/align.sh /projects/standard/hsiehph/shared/hsiehph_shared/assemblies/CHM13/T2T/v1.1/chm13.v1.1.fasta /projects/standard/hsiehph/gordo893/samples/PNG15b/verkko1.4.1/PNG15_ONT_HIC/assembly.haplotype1.fasta results/PNG15_h1_test/alignment.paf)
            echo "Submitted job $JOBID, waiting for it to finish..."
            while squeue -j $JOBID 2>/dev/null | grep -q $JOBID; do
            sleep 20
            done
            echo "SLURM job $JOBID completed."

        (one of the commands exited with non-zero exit code; note that snakemake uses bash strict mode!)

Complete log: .snakemake/log/2025-05-07T160105.996863.snakemake.log
