Building DAG of jobs...
Using shell: /usr/bin/bash
Provided cores: 1 (use --cores to define parallelism)
Rules claiming more threads will be scaled down.
Job stats:
job                       count    min threads    max threads
----------------------  -------  -------------  -------------
add_flanking                  1              1              1
add_sample_name               1              1              1
align_genomes                 1              1              1
all                           1              1              1
convert_for_saffire           1              1              1
prepare_coords                1              1              1
update_github_metadata        1              1              1
total                         7              1              1

Select jobs to execute...

[Thu May  8 14:16:50 2025]
rule align_genomes:
    input: /projects/standard/hsiehph/shared/hsiehph_shared/assemblies/CHM13/T2T/v1.1/chm13.v1.1.fasta, /projects/standard/hsiehph/gordo893/samples/PNG15b/verkko1.4.1/PNG15_ONT_HIC/assembly.haplotype1.fasta
    output: results/PNG15_h1_test/alignment.paf
    jobid: 6
    reason: Missing output files: results/PNG15_h1_test/alignment.paf
    wildcards: sample=PNG15_h1_test
    resources: tmpdir=/tmp, mem_mb=100000, mem_mib=95368, cpus=10

[Thu May  8 14:31:20 2025]
Finished job 6.
1 of 7 steps (14%) done
Select jobs to execute...

[Thu May  8 14:31:20 2025]
rule convert_for_saffire:
    input: results/PNG15_h1_test/alignment.paf
    output: results/PNG15_h1_test/saffire_fmt
    jobid: 5
    reason: Missing output files: results/PNG15_h1_test/saffire_fmt; Input files updated by another job: results/PNG15_h1_test/alignment.paf
    wildcards: sample=PNG15_h1_test
    resources: tmpdir=/tmp

[Thu May  8 14:33:23 2025]
Finished job 5.
2 of 7 steps (29%) done
Select jobs to execute...

[Thu May  8 14:33:23 2025]
rule update_github_metadata:
    input: results/PNG15_h1_test/saffire_fmt
    output: results/PNG15_h1_test/pushed_metadata.done
    jobid: 4
    reason: Missing output files: results/PNG15_h1_test/pushed_metadata.done; Input files updated by another job: results/PNG15_h1_test/saffire_fmt
    wildcards: sample=PNG15_h1_test
    resources: tmpdir=/tmp

Shutting down, this might take some time.
Exiting because a job execution failed. Look above for error message
Complete log: .snakemake/log/2025-05-08T141646.403134.snakemake.log
