Building DAG of jobs...
Using shell: /usr/bin/bash
Provided cores: 1 (use --cores to define parallelism)
Rules claiming more threads will be scaled down.
Job stats:
job                       count
----------------------  -------
add_flanking                  1
add_sample_name               1
align_genomes                 1
all                           1
convert_for_saffire           1
prepare_coords                1
update_github_metadata        1
total                         7

Select jobs to execute...

[Fri Apr 18 15:01:57 2025]
rule add_sample_name:
    input: /projects/standard/hsiehph/shared/javid017-home/jobs/seg_dups/athef_files/all_samples/pt2/PNGs_plot/20kb_flank_plots/test
    output: results/PNG15_h1_test/coords_with_name.bed
    jobid: 3
    reason: Missing output files: results/PNG15_h1_test/coords_with_name.bed
    wildcards: sample=PNG15_h1_test
    resources: tmpdir=/tmp

[Fri Apr 18 15:01:58 2025]
Finished job 3.
1 of 7 steps (14%) done
Select jobs to execute...

[Fri Apr 18 15:01:58 2025]
rule prepare_coords:
    input: results/PNG15_h1_test/coords_with_name.bed
    output: results/PNG15_h1_test/coords_with_genes.bed
    jobid: 2
    reason: Missing output files: results/PNG15_h1_test/coords_with_genes.bed; Input files updated by another job: results/PNG15_h1_test/coords_with_name.bed
    wildcards: sample=PNG15_h1_test
    resources: tmpdir=/tmp

[Fri Apr 18 15:01:59 2025]
Finished job 2.
2 of 7 steps (29%) done
Removing temporary output results/PNG15_h1_test/coords_with_name.bed.
Select jobs to execute...

[Fri Apr 18 15:02:00 2025]
rule align_genomes:
    input: /projects/standard/hsiehph/shared/hsiehph_shared/assemblies/CHM13/T2T/v1.1/chm13.v1.1.fasta, /projects/standard/hsiehph/gordo893/samples/PNG15b/verkko1.4.1/PNG15_ONT_HIC/assembly.haplotype1.fasta
    output: results/PNG15_h1_test/alignment.paf
    jobid: 6
    reason: Missing output files: results/PNG15_h1_test/alignment.paf
    wildcards: sample=PNG15_h1_test
    resources: tmpdir=/tmp, mem_mb=100000, mem_mib=95368, cpus=10

[Fri Apr 18 15:15:10 2025]
Finished job 6.
3 of 7 steps (43%) done
Select jobs to execute...

[Fri Apr 18 15:15:10 2025]
rule convert_for_saffire:
    input: results/PNG15_h1_test/alignment.paf
    output: results/PNG15_h1_test/saffire_fmt
    jobid: 5
    reason: Missing output files: results/PNG15_h1_test/saffire_fmt; Input files updated by another job: results/PNG15_h1_test/alignment.paf
    wildcards: sample=PNG15_h1_test
    resources: tmpdir=/tmp

[Fri Apr 18 15:20:13 2025]
Error in rule convert_for_saffire:
    jobid: 5
    input: results/PNG15_h1_test/alignment.paf
    output: results/PNG15_h1_test/saffire_fmt
    shell:
        
            JOBID=$(sbatch --parsable scripts/convert_for_saffire.sh results/PNG15_h1_test/alignment.paf results/PNG15_h1_test/saffire_fmt)
            echo "Submitted job $JOBID, waiting for it to finish..."
            while squeue -j $JOBID 2>/dev/null | grep -q $JOBID; do
            sleep 20
            done
            echo "SLURM job $JOBID completed."
            cp results/PNG15_h1_test/saffire_fmt /projects/standard/hsiehph/shared/software/pipelines/AutoSafFire/Auto_plots/datasets/custom/PNG15_h1_test_saffireFMT

        (one of the commands exited with non-zero exit code; note that snakemake uses bash strict mode!)

Removing output files of failed job convert_for_saffire since they might be corrupted:
results/PNG15_h1_test/saffire_fmt
Shutting down, this might take some time.
Exiting because a job execution failed. Look above for error message
Complete log: .snakemake/log/2025-04-18T150155.947788.snakemake.log
